2025-08-16 11:53:44,225 [INFO] Activator:176 - 


2025-08-16 11:53:44,230 [INFO] Activator:177 - !SESSION log4j initialized
2025-08-16 11:53:47,976 [INFO] LogOutputStream:77 - [STDOUT_REDIRECT] 
2025-08-16 11:53:49,505 [INFO] ApplicationProperties:184 - Using Application install path: C:\ST\STM32CubeIDE_1.18.1\STM32CubeIDE\plugins\com.st.stm32cube.common.mx_6.15.0.202507011659
2025-08-16 11:53:49,519 [INFO] DbMcusXml:78 - Set database path to: C:\ST\STM32CubeIDE_1.18.1\STM32CubeIDE\plugins\com.st.stm32cube.common.mx_6.15.0.202507011659\\db\/mcu/
2025-08-16 11:53:49,519 [INFO] ApiDb:274 - Set plugin database path to: C:\ST\STM32CubeIDE_1.18.1\STM32CubeIDE\plugins\com.st.stm32cube.common.mx_6.15.0.202507011659\\db\/plugins/boardmanager/
2025-08-16 11:53:49,519 [WARN] ApiDb:259 - Overriding images path with different value:  => C:\ST\STM32CubeIDE_1.18.1\STM32CubeIDE\plugins\com.st.stm32cube.common.mx_6.15.0.202507011659\\db\/plugins/mcufinder/images/
2025-08-16 11:53:49,525 [INFO] ApiDb:250 - Set database path to: C:\Users\wh310\.stmcufinder\plugins\mcufinder//mcu/
2025-08-16 11:53:49,526 [INFO] DbMcusAds:125 - Set database path to: C:\Users\wh310\.stmcufinder\plugins\mcufinder//mcu/
2025-08-16 11:53:49,528 [INFO] CrossReferenceDbSqlite:203 - Set database path to: C:\Users\wh310\.stmcufinder\plugins\mcufinder//mcu/cs/
2025-08-16 11:53:49,610 [INFO] RulesReader:64 - Compatibility file has been processed (317 Rules)
2025-08-16 11:53:49,678 [INFO] DbMcusXml:78 - Set database path to: C:\ST\STM32CubeIDE_1.18.1\STM32CubeIDE\plugins\com.st.stm32cube.common.mx_6.15.0.202507011659\\db\/mcu/
2025-08-16 11:53:49,678 [INFO] ApiDb:274 - Set plugin database path to: C:\ST\STM32CubeIDE_1.18.1\STM32CubeIDE\plugins\com.st.stm32cube.common.mx_6.15.0.202507011659\\db\/plugins/boardmanager/
2025-08-16 11:53:49,678 [INFO] ApiDb:261 - Set plugin images path to: C:\ST\STM32CubeIDE_1.18.1\STM32CubeIDE\plugins\com.st.stm32cube.common.mx_6.15.0.202507011659\\db\/plugins/mcufinder/images/
2025-08-16 11:53:49,678 [WARN] DbFile:41 - Overriding database path with different value: C:\Users\wh310\.stmcufinder\plugins\mcufinder/ => C:\Users\wh310\.stmcufinder\plugins\mcufinder
2025-08-16 11:53:49,678 [INFO] ApiDb:250 - Set database path to: C:\Users\wh310\.stmcufinder\plugins\mcufinder//mcu/
2025-08-16 11:53:49,678 [WARN] DbFile:41 - Overriding database path with different value: C:\Users\wh310\.stmcufinder\plugins\mcufinder/ => C:\Users\wh310\.stmcufinder\plugins\mcufinder
2025-08-16 11:53:49,678 [INFO] DbMcusAds:125 - Set database path to: C:\Users\wh310\.stmcufinder\plugins\mcufinder//mcu/
2025-08-16 11:53:49,678 [WARN] DbFile:41 - Overriding database path with different value: C:\Users\wh310\.stmcufinder\plugins\mcufinder/ => C:\Users\wh310\.stmcufinder\plugins\mcufinder
2025-08-16 11:53:49,679 [WARN] DbFile:41 - Overriding database path with different value: C:\Users\wh310\.stmcufinder\plugins\mcufinder/ => C:\Users\wh310\.stmcufinder\plugins\mcufinder
2025-08-16 11:53:49,679 [INFO] CrossReferenceDbSqlite:203 - Set database path to: C:\Users\wh310\.stmcufinder\plugins\mcufinder//mcu/cs/
2025-08-16 11:53:49,738 [INFO] MainPanel:274 - HeapMemory: 268435456
2025-08-16 11:53:49,822 [INFO] DbMcusXml:78 - Set database path to: C:\ST\STM32CubeIDE_1.18.1\STM32CubeIDE\plugins\com.st.stm32cube.common.mx_6.15.0.202507011659\\db\/mcu/
2025-08-16 11:53:49,822 [INFO] ApiDb:274 - Set plugin database path to: C:\ST\STM32CubeIDE_1.18.1\STM32CubeIDE\plugins\com.st.stm32cube.common.mx_6.15.0.202507011659\\db\/plugins/boardmanager/
2025-08-16 11:53:49,822 [INFO] ApiDb:261 - Set plugin images path to: C:\ST\STM32CubeIDE_1.18.1\STM32CubeIDE\plugins\com.st.stm32cube.common.mx_6.15.0.202507011659\\db\/plugins/mcufinder/images/
2025-08-16 11:53:49,823 [WARN] DbFile:41 - Overriding database path with different value: C:\Users\wh310\.stmcufinder\plugins\mcufinder/ => C:\Users\wh310\.stmcufinder\plugins\mcufinder
2025-08-16 11:53:49,823 [INFO] ApiDb:250 - Set database path to: C:\Users\wh310\.stmcufinder\plugins\mcufinder//mcu/
2025-08-16 11:53:49,823 [WARN] DbFile:41 - Overriding database path with different value: C:\Users\wh310\.stmcufinder\plugins\mcufinder/ => C:\Users\wh310\.stmcufinder\plugins\mcufinder
2025-08-16 11:53:49,823 [INFO] DbMcusAds:125 - Set database path to: C:\Users\wh310\.stmcufinder\plugins\mcufinder//mcu/
2025-08-16 11:53:49,823 [WARN] DbFile:41 - Overriding database path with different value: C:\Users\wh310\.stmcufinder\plugins\mcufinder/ => C:\Users\wh310\.stmcufinder\plugins\mcufinder
2025-08-16 11:53:49,823 [WARN] DbFile:41 - Overriding database path with different value: C:\Users\wh310\.stmcufinder\plugins\mcufinder/ => C:\Users\wh310\.stmcufinder\plugins\mcufinder
2025-08-16 11:53:49,823 [INFO] CrossReferenceDbSqlite:203 - Set database path to: C:\Users\wh310\.stmcufinder\plugins\mcufinder//mcu/cs/
2025-08-16 11:53:49,839 [INFO] ApplicationProperties:184 - Using Application install path: C:\ST\STM32CubeIDE_1.18.1\STM32CubeIDE\plugins\com.st.stm32cube.common.mx_6.15.0.202507011659
2025-08-16 11:53:49,840 [INFO] PluginManage:196 - Search for loadable plugins [exclusion list=, ]
2025-08-16 11:53:49,841 [INFO] PluginManage:310 - Check plugin analytics
2025-08-16 11:53:49,994 [INFO] AnalyticsPlugin:253 - Accepted Software Licenses: STM32CubeMX.6.14.1,STM32CubeMX.6.15.0
2025-08-16 11:53:49,994 [INFO] AnalyticsPlugin:255 - Accepted CMSIS Pack Licenses: 
2025-08-16 11:53:49,994 [INFO] AnalyticsPlugin:257 - Accepted Firmware Licenses: FW.C0.1.0.0
2025-08-16 11:53:49,996 [INFO] PluginManage:359 - Loaded plugin analytics (category:tool,tabindex:-1)
2025-08-16 11:53:49,996 [INFO] PluginManage:310 - Check plugin cadmodel
2025-08-16 11:53:50,002 [INFO] CADModel:105 - Init CAD model plugin
2025-08-16 11:53:50,002 [INFO] PluginManage:359 - Loaded plugin cadmodel (category:power,tabindex:5)
2025-08-16 11:53:50,002 [INFO] PluginManage:310 - Check plugin clock
2025-08-16 11:53:50,011 [INFO] PluginManage:359 - Loaded plugin clock (category:base,tabindex:2)
2025-08-16 11:53:50,011 [INFO] PluginManage:310 - Check plugin ddr
2025-08-16 11:53:50,013 [INFO] PluginManage:359 - Loaded plugin ddr (category:tool,tabindex:6)
2025-08-16 11:53:50,013 [INFO] PluginManage:310 - Check plugin filemanager
2025-08-16 11:53:50,136 [INFO] PluginManage:359 - Loaded plugin filemanager (category:base,tabindex:10)
2025-08-16 11:53:50,137 [INFO] PluginManage:310 - Check plugin ipmanager
2025-08-16 11:53:50,143 [INFO] PluginManage:359 - Loaded plugin ipmanager (category:base,tabindex:5)
2025-08-16 11:53:50,143 [INFO] PluginManage:310 - Check plugin lpbam
2025-08-16 11:53:50,150 [INFO] PluginManage:359 - Loaded plugin lpbam (category:base,tabindex:0)
2025-08-16 11:53:50,150 [INFO] PluginManage:310 - Check plugin memorymap
2025-08-16 11:53:50,161 [INFO] PluginManage:359 - Loaded plugin memorymap (category:base,tabindex:4)
2025-08-16 11:53:50,161 [INFO] PluginManage:310 - Check plugin pinoutandconfiguration
2025-08-16 11:53:50,168 [INFO] PluginManage:359 - Loaded plugin pinoutandconfiguration (category:base,tabindex:1)
2025-08-16 11:53:50,168 [INFO] PluginManage:310 - Check plugin pinoutconfig
2025-08-16 11:53:50,235 [WARN] SupportedApi:132 - Cannot load RTOS API schema: s4s-elt-must-match.1: The content of 'definitions' must match (annotation?, (simpleType | complexType)?, (unique | key | keyref)*)). A problem was found starting at: attribute.
2025-08-16 11:53:50,347 [INFO] PluginManage:359 - Loaded plugin pinoutconfig (category:base,tabindex:0)
2025-08-16 11:53:50,348 [INFO] PluginManage:310 - Check plugin power
2025-08-16 11:53:50,358 [INFO] PluginManage:359 - Loaded plugin power (category:power,tabindex:4)
2025-08-16 11:53:50,359 [INFO] PluginManage:310 - Check plugin projectmanager
2025-08-16 11:53:50,371 [INFO] PluginManage:359 - Loaded plugin projectmanager (category:projectmanager,tabindex:4)
2025-08-16 11:53:50,372 [INFO] PluginManage:310 - Check plugin rif
2025-08-16 11:53:50,380 [INFO] PluginManage:359 - Loaded plugin rif (category:base,tabindex:3)
2025-08-16 11:53:50,381 [INFO] PluginManage:310 - Check plugin thirdparty
2025-08-16 11:53:50,492 [INFO] PluginManage:359 - Loaded plugin thirdparty (category:base,tabindex:-1)
2025-08-16 11:53:50,492 [WARN] IntegrityCheckThread:84 - waiting for thirdparty lock release [integrity check]
2025-08-16 11:53:50,492 [INFO] PluginManage:310 - Check plugin tools
2025-08-16 11:53:50,492 [INFO] IntegrityCheckThread:86 - entering critical section [integrity check]
2025-08-16 11:53:50,493 [INFO] ThirdPartyUpdaterWithRetryManager:70 - Updater plugin not ready yet. [1/15]
2025-08-16 11:53:50,495 [INFO] PluginManage:359 - Loaded plugin tools (category:base,tabindex:7)
2025-08-16 11:53:50,495 [INFO] PluginManage:310 - Check plugin tutovideos
2025-08-16 11:53:50,654 [INFO] PluginManage:359 - Loaded plugin tutovideos (category:base,tabindex:-1)
2025-08-16 11:53:50,654 [INFO] PluginManage:310 - Check plugin updater
2025-08-16 11:53:50,670 [INFO] PluginManage:359 - Loaded plugin updater (category:base,tabindex:12)
2025-08-16 11:53:50,670 [INFO] PluginManage:310 - Check plugin userauth
2025-08-16 11:53:50,674 [INFO] UserAuth:118 - Init User Auth plugin
2025-08-16 11:53:50,675 [INFO] PluginManage:359 - Loaded plugin userauth (category:base,tabindex:14)
2025-08-16 11:53:50,675 [INFO] PluginManage:283 - PluginManage : Loaded plugins [18]
2025-08-16 11:53:50,841 [INFO] PinOutPanel:1589 - setPackage(No Configuration,No Configuration)
2025-08-16 11:53:50,911 [INFO] CADModel:165 - CPN selected for project level
2025-08-16 11:53:50,911 [INFO] CADModel:114 - Register for checkConnection events
2025-08-16 11:53:50,926 [INFO] IPUIPlugin:80 - create IPUIPlugin
2025-08-16 11:53:50,927 [INFO] PluginManager:220 - loadIPPluginJar : add adc
2025-08-16 11:53:50,929 [INFO] IPUIPlugin:80 - create IPUIPlugin
2025-08-16 11:53:50,929 [INFO] PluginManager:220 - loadIPPluginJar : add aes
2025-08-16 11:53:50,931 [INFO] IPUIPlugin:80 - create IPUIPlugin
2025-08-16 11:53:50,931 [INFO] PluginManager:220 - loadIPPluginJar : add can
2025-08-16 11:53:50,932 [INFO] IPUIPlugin:80 - create IPUIPlugin
2025-08-16 11:53:50,932 [INFO] PluginManager:220 - loadIPPluginJar : add comp
2025-08-16 11:53:50,935 [INFO] IPUIPlugin:80 - create IPUIPlugin
2025-08-16 11:53:50,935 [INFO] PluginManager:220 - loadIPPluginJar : add cryp
2025-08-16 11:53:50,937 [INFO] IPUIPlugin:80 - create IPUIPlugin
2025-08-16 11:53:50,937 [INFO] PluginManager:220 - loadIPPluginJar : add ddr_ctrl_phy
2025-08-16 11:53:50,939 [INFO] IPUIPlugin:80 - create IPUIPlugin
2025-08-16 11:53:50,939 [INFO] PluginManager:220 - loadIPPluginJar : add dfsdm
2025-08-16 11:53:50,942 [INFO] IPUIPlugin:80 - create IPUIPlugin
2025-08-16 11:53:50,943 [INFO] PluginManager:220 - loadIPPluginJar : add dma
2025-08-16 11:53:50,944 [INFO] IPUIPlugin:80 - create IPUIPlugin
2025-08-16 11:53:50,945 [INFO] PluginManager:220 - loadIPPluginJar : add dma3
2025-08-16 11:53:50,946 [INFO] IPUIPlugin:80 - create IPUIPlugin
2025-08-16 11:53:50,946 [INFO] PluginManager:220 - loadIPPluginJar : add extmemmanager
2025-08-16 11:53:50,947 [INFO] IPUIPlugin:80 - create IPUIPlugin
2025-08-16 11:53:50,947 [INFO] PluginManager:220 - loadIPPluginJar : add fatfs
2025-08-16 11:53:50,950 [INFO] IPUIPlugin:80 - create IPUIPlugin
2025-08-16 11:53:50,950 [INFO] PluginManager:220 - loadIPPluginJar : add fmc
2025-08-16 11:53:50,955 [INFO] IPUIPlugin:80 - create IPUIPlugin
2025-08-16 11:53:50,955 [INFO] PluginManager:220 - loadIPPluginJar : add freertos
2025-08-16 11:53:50,956 [INFO] IPUIPlugin:80 - create IPUIPlugin
2025-08-16 11:53:50,957 [INFO] PluginManager:220 - loadIPPluginJar : add genericplugin
2025-08-16 11:53:50,958 [INFO] IPUIPlugin:80 - create IPUIPlugin
2025-08-16 11:53:50,958 [INFO] PluginManager:220 - loadIPPluginJar : add gfxmmu
2025-08-16 11:53:50,961 [INFO] IPUIPlugin:80 - create IPUIPlugin
2025-08-16 11:53:50,961 [INFO] PluginManager:220 - loadIPPluginJar : add gic
2025-08-16 11:53:50,964 [INFO] IPUIPlugin:80 - create IPUIPlugin
2025-08-16 11:53:50,964 [INFO] PluginManager:220 - loadIPPluginJar : add gpio
2025-08-16 11:53:50,966 [INFO] IPUIPlugin:80 - create IPUIPlugin
2025-08-16 11:53:50,966 [INFO] PluginManager:220 - loadIPPluginJar : add gtzc
2025-08-16 11:53:50,967 [INFO] IPUIPlugin:80 - create IPUIPlugin
2025-08-16 11:53:50,967 [INFO] PluginManager:220 - loadIPPluginJar : add hash
2025-08-16 11:53:50,970 [INFO] IPUIPlugin:80 - create IPUIPlugin
2025-08-16 11:53:50,970 [INFO] PluginManager:220 - loadIPPluginJar : add i2c
2025-08-16 11:53:50,972 [INFO] IPUIPlugin:80 - create IPUIPlugin
2025-08-16 11:53:50,972 [INFO] PluginManager:220 - loadIPPluginJar : add i2s
2025-08-16 11:53:50,973 [INFO] IPUIPlugin:80 - create IPUIPlugin
2025-08-16 11:53:50,973 [INFO] PluginManager:220 - loadIPPluginJar : add i3c
2025-08-16 11:53:50,975 [INFO] IPUIPlugin:80 - create IPUIPlugin
2025-08-16 11:53:50,975 [INFO] PluginManager:220 - loadIPPluginJar : add ipddr
2025-08-16 11:53:50,980 [INFO] IPUIPlugin:80 - create IPUIPlugin
2025-08-16 11:53:50,980 [INFO] PluginManager:220 - loadIPPluginJar : add linkedlist
2025-08-16 11:53:50,983 [INFO] IPUIPlugin:80 - create IPUIPlugin
2025-08-16 11:53:50,983 [INFO] PluginManager:220 - loadIPPluginJar : add lorawan
2025-08-16 11:53:50,984 [INFO] IPUIPlugin:80 - create IPUIPlugin
2025-08-16 11:53:50,984 [INFO] PluginManager:220 - loadIPPluginJar : add ltdc
2025-08-16 11:53:50,988 [INFO] IPUIPlugin:80 - create IPUIPlugin
2025-08-16 11:53:50,988 [INFO] PluginManager:220 - loadIPPluginJar : add mdma
2025-08-16 11:53:50,990 [INFO] IPUIPlugin:80 - create IPUIPlugin
2025-08-16 11:53:50,991 [INFO] PluginManager:220 - loadIPPluginJar : add nvic
2025-08-16 11:53:50,994 [INFO] IPUIPlugin:80 - create IPUIPlugin
2025-08-16 11:53:50,994 [INFO] PluginManager:220 - loadIPPluginJar : add opamp
2025-08-16 11:53:50,996 [INFO] IPUIPlugin:80 - create IPUIPlugin
2025-08-16 11:53:50,996 [INFO] PluginManager:220 - loadIPPluginJar : add openamp
2025-08-16 11:53:50,998 [INFO] IPUIPlugin:80 - create IPUIPlugin
2025-08-16 11:53:50,998 [INFO] PluginManager:220 - loadIPPluginJar : add pdm2pcm
2025-08-16 11:53:51,003 [INFO] IPUIPlugin:80 - create IPUIPlugin
2025-08-16 11:53:51,005 [INFO] PluginManager:220 - loadIPPluginJar : add plateformsettings
2025-08-16 11:53:51,006 [INFO] IPUIPlugin:80 - create IPUIPlugin
2025-08-16 11:53:51,006 [INFO] PluginManager:220 - loadIPPluginJar : add quadspi
2025-08-16 11:53:51,007 [INFO] IPUIPlugin:80 - create IPUIPlugin
2025-08-16 11:53:51,008 [INFO] PluginManager:220 - loadIPPluginJar : add radio
2025-08-16 11:53:51,011 [INFO] IPUIPlugin:80 - create IPUIPlugin
2025-08-16 11:53:51,011 [INFO] PluginManager:220 - loadIPPluginJar : add resmgrutility
2025-08-16 11:53:51,013 [INFO] IPUIPlugin:80 - create IPUIPlugin
2025-08-16 11:53:51,013 [INFO] PluginManager:220 - loadIPPluginJar : add sai
2025-08-16 11:53:51,015 [INFO] IPUIPlugin:80 - create IPUIPlugin
2025-08-16 11:53:51,015 [INFO] PluginManager:220 - loadIPPluginJar : add spi
2025-08-16 11:53:51,019 [INFO] IPUIPlugin:80 - create IPUIPlugin
2025-08-16 11:53:51,019 [INFO] PluginManager:220 - loadIPPluginJar : add stm32_wpan
2025-08-16 11:53:51,020 [INFO] IPUIPlugin:80 - create IPUIPlugin
2025-08-16 11:53:51,020 [INFO] PluginManager:220 - loadIPPluginJar : add tim
2025-08-16 11:53:51,022 [INFO] IPUIPlugin:80 - create IPUIPlugin
2025-08-16 11:53:51,023 [INFO] PluginManager:220 - loadIPPluginJar : add touchsensing
2025-08-16 11:53:51,024 [INFO] IPUIPlugin:80 - create IPUIPlugin
2025-08-16 11:53:51,024 [INFO] PluginManager:220 - loadIPPluginJar : add tracer_emb
2025-08-16 11:53:51,025 [INFO] IPUIPlugin:80 - create IPUIPlugin
2025-08-16 11:53:51,025 [INFO] PluginManager:220 - loadIPPluginJar : add ts
2025-08-16 11:53:51,026 [INFO] IPUIPlugin:80 - create IPUIPlugin
2025-08-16 11:53:51,027 [INFO] PluginManager:220 - loadIPPluginJar : add tsc
2025-08-16 11:53:51,028 [INFO] IPUIPlugin:80 - create IPUIPlugin
2025-08-16 11:53:51,028 [INFO] PluginManager:220 - loadIPPluginJar : add ucpd
2025-08-16 11:53:51,030 [INFO] IPUIPlugin:80 - create IPUIPlugin
2025-08-16 11:53:51,030 [INFO] PluginManager:220 - loadIPPluginJar : add usart
2025-08-16 11:53:51,032 [INFO] IPUIPlugin:80 - create IPUIPlugin
2025-08-16 11:53:51,032 [INFO] PluginManager:220 - loadIPPluginJar : add usbx
2025-08-16 11:53:51,146 [FATAL] Updater:351 - Updater called before beeing initialized
2025-08-16 11:53:51,167 [INFO] RulesReader:64 - Compatibility file has been processed (317 Rules)
2025-08-16 11:53:51,175 [INFO] RulesReader:64 - Compatibility file has been processed (317 Rules)
2025-08-16 11:53:51,180 [INFO] CADModel:165 - CPN selected for project level
2025-08-16 11:53:51,180 [INFO] CADModel:114 - Register for checkConnection events
2025-08-16 11:53:51,180 [FATAL] Updater:351 - Updater called before beeing initialized
2025-08-16 11:53:51,180 [ERROR] CADModel:125 - Updater not yet initialized, retry later 
2025-08-16 11:53:51,287 [FATAL] Updater:351 - Updater called before beeing initialized
2025-08-16 11:53:51,288 [INFO] CADModel:165 - CPN selected for project level
2025-08-16 11:53:51,289 [INFO] CADModel:114 - Register for checkConnection events
2025-08-16 11:53:51,289 [FATAL] Updater:351 - Updater called before beeing initialized
2025-08-16 11:53:51,289 [ERROR] CADModel:125 - Updater not yet initialized, retry later 
2025-08-16 11:53:51,291 [FATAL] Updater:351 - Updater called before beeing initialized
2025-08-16 11:53:51,374 [FATAL] Updater:351 - Updater called before beeing initialized
2025-08-16 11:53:51,377 [INFO] DbMcusAds:53 - JSON generation date=Tue Jul 08 17:14:23 KST 2025 (1751962463593)
2025-08-16 11:53:51,377 [FATAL] Updater:351 - Updater called before beeing initialized
2025-08-16 11:53:51,415 [WARN] DetailPanel:346 - Failed to get advertising image, set to default
2025-08-16 11:53:51,503 [FATAL] Updater:351 - Updater called before beeing initialized
2025-08-16 11:53:51,505 [FATAL] Updater:351 - Updater called before beeing initialized
2025-08-16 11:53:51,505 [FATAL] Updater:351 - Updater called before beeing initialized
2025-08-16 11:53:51,505 [WARN] DetailPanel:346 - Failed to get advertising image, set to default
2025-08-16 11:53:51,507 [FATAL] Updater:351 - Updater called before beeing initialized
2025-08-16 11:53:51,542 [ERROR] Updater:1198 - MainUpdater not yet initialized. External WinMGr cannot be set.
2025-08-16 11:53:51,543 [INFO] Updater:1134 - Updater Version found : 6.15.0
2025-08-16 11:53:51,559 [INFO] ApplicationProperties:184 - Using Application install path: C:\ST\STM32CubeIDE_1.18.1\STM32CubeIDE\plugins\com.st.stm32cube.common.mx_6.15.0.202507011659
2025-08-16 11:53:53,127 [ERROR] LogOutputStream:75 - [STDERR_REDIRECT] Aug 16, 2025 11:53:53 AM java.util.prefs.WindowsPreferences <init>
2025-08-16 11:53:53,128 [ERROR] LogOutputStream:75 - [STDERR_REDIRECT] WARNING: Could not open/create prefs root node Software\JavaSoft\Prefs at root 0xffffffff80000002. Windows RegCreateKeyEx(...) returned error code 5.
2025-08-16 11:53:53,130 [ERROR] LogOutputStream:75 - [STDERR_REDIRECT] 
2025-08-16 11:53:53,495 [INFO] ThirdPartyUpdaterWithRetryManager:70 - Updater plugin not ready yet. [2/15]
2025-08-16 11:53:53,699 [INFO] MainUpdater:2872 - connection check result : 10
2025-08-16 11:53:53,700 [INFO] MainUpdater:289 - Updater Check For Update Now.
2025-08-16 11:53:53,700 [INFO] MicroXplorer:498 - Change Database Version : DB.6.0.150
2025-08-16 11:53:53,711 [INFO] McuFinderGlobals:63 - Set McuFinder mode to 2 (CubeIDE integrated)
2025-08-16 11:53:53,713 [INFO] UserAuth:487 - Internet connection configuration mode: 1
2025-08-16 11:53:53,732 [INFO] JxBrowserEngine:152 - Initiate JxBrowser Engine with user profile folder
2025-08-16 11:53:53,876 [INFO] CheckServerUpdateThread:120 - End of CheckServer Thread
2025-08-16 11:53:54,712 [INFO] WebApp:169 - Instantiating new browser for Auth
2025-08-16 11:53:55,304 [INFO] WebApp:463 - Apply proxy settings
2025-08-16 11:53:55,305 [INFO] WebApp:548 - Chromium requires no authentication
2025-08-16 11:53:55,311 [INFO] WebApp:491 - Direct internet connection detected
2025-08-16 11:53:55,331 [INFO] WebApp:900 - Register for checkConnection events
2025-08-16 11:53:55,331 [INFO] WebApp:463 - Apply proxy settings
2025-08-16 11:53:55,331 [INFO] WebApp:548 - Chromium requires no authentication
2025-08-16 11:53:55,332 [INFO] WebApp:491 - Direct internet connection detected
2025-08-16 11:53:55,476 [INFO] WebApp:225 - Starting web application
2025-08-16 11:53:55,476 [INFO] WebApp:593 - Web application path used C:\ST\STM32CubeIDE_1.18.1\STM32CubeIDE\plugins\com.st.stm32cube.common.mx_6.15.0.202507011659\db\plugins\mcufinder\reactClient1\index.html
2025-08-16 11:53:55,600 [INFO] UserAuth:487 - Internet connection configuration mode: 1
2025-08-16 11:53:55,607 [INFO] WebApp:191 - Connection restablished
2025-08-16 11:53:56,781 [WARN] PackLoader:240 - Cannot read IP mode file for STMicroelectronics.FP-SNS-MOTENVWB1.1.4.0
2025-08-16 11:53:56,788 [WARN] PackLoader:240 - Cannot read IP mode file for STMicroelectronics.FP-ATR-ASTRA1.2.0.2
2025-08-16 11:53:56,797 [WARN] PackLoader:240 - Cannot read IP mode file for STMicroelectronics.X-CUBE-SMBUS.2.1.0
2025-08-16 11:53:56,802 [WARN] PackLoader:240 - Cannot read IP mode file for STMicroelectronics.X-CUBE-ST60.1.0.0
2025-08-16 11:53:56,830 [WARN] PackLoader:240 - Cannot read IP mode file for STMicroelectronics.X-CUBE-AZRTOS-F7.1.1.0
2025-08-16 11:53:56,867 [WARN] PackLoader:240 - Cannot read IP mode file for Infineon.AIROC-Wi-Fi-Bluetooth-STM32.1.7.0
2025-08-16 11:53:56,915 [WARN] PackLoader:240 - Cannot read IP mode file for STMicroelectronics.X-CUBE-AZRTOS-H7.3.4.0
2025-08-16 11:53:56,928 [WARN] PackLoader:240 - Cannot read IP mode file for STMicroelectronics.X-CUBE-DISPLAY.3.0.0
2025-08-16 11:53:56,940 [WARN] PackLoader:240 - Cannot read IP mode file for STMicroelectronics.X-CUBE-NFC10.1.0.0
2025-08-16 11:53:56,951 [WARN] PackLoader:240 - Cannot read IP mode file for STMicroelectronics.X-CUBE-BLEMGR.4.0.0
2025-08-16 11:53:56,960 [WARN] PackLoader:240 - Cannot read IP mode file for emotas.I-CUBE-CANOPEN.1.3.0
2025-08-16 11:53:56,965 [WARN] ConditionMgr:438 - getConditionDescription Invalid condition id : Cortex-A Device cause : null
2025-08-16 11:53:56,976 [WARN] ConditionMgr:1044 - genDependencies : Invalid condition id : Cortex-A Device cause : null
2025-08-16 11:53:56,976 [WARN] ConditionMgr:1044 - genDependencies : Invalid condition id : Cortex-A Device cause : null
2025-08-16 11:53:56,976 [WARN] ConditionMgr:1044 - genDependencies : Invalid condition id : Cortex-A Device cause : null
2025-08-16 11:53:56,980 [WARN] PackLoader:240 - Cannot read IP mode file for STMicroelectronics.X-CUBE-AI.10.0.0
2025-08-16 11:53:56,987 [WARN] PackLoader:240 - Cannot read IP mode file for STMicroelectronics.FP-SNS-STBOX1.2.1.0
2025-08-16 11:53:56,994 [WARN] PackLoader:240 - Cannot read IP mode file for STMicroelectronics.FP-SNS-SMARTAG2.1.2.0
2025-08-16 11:53:56,999 [WARN] PackLoader:240 - Cannot read IP mode file for STMicroelectronics.FP-SNS-FLIGHT1.5.1.0
2025-08-16 11:53:57,012 [INFO] LogOutputStream:77 - [STDOUT_REDIRECT] 1 : Invalid condition id : UX_CORESTACK_Condition cause : null
2025-08-16 11:53:57,012 [INFO] LogOutputStream:77 - [STDOUT_REDIRECT] 1 : Invalid condition id : UX_CORESTACK_Condition cause : null
2025-08-16 11:53:57,013 [INFO] LogOutputStream:77 - [STDOUT_REDIRECT] 1 : Invalid condition id : UX_CORESTACK_Condition cause : null
2025-08-16 11:53:57,014 [INFO] LogOutputStream:77 - [STDOUT_REDIRECT] 1 : Invalid condition id : UX_CORESTACK_Condition cause : null
2025-08-16 11:53:57,015 [INFO] LogOutputStream:77 - [STDOUT_REDIRECT] 1 : Invalid condition id : UX_CORESTACK_Condition cause : null
2025-08-16 11:53:57,017 [WARN] PackLoader:240 - Cannot read IP mode file for STMicroelectronics.X-CUBE-AZRTOS-WL.2.0.0
2025-08-16 11:53:57,023 [WARN] PackLoader:240 - Cannot read IP mode file for STMicroelectronics.FP-SNS-MOTENV1.5.0.0
2025-08-16 11:53:57,030 [WARN] PackLoader:240 - Cannot read IP mode file for WES.I-CUBE-Cesium.1.3.0
2025-08-16 11:53:57,035 [WARN] PackLoader:240 - Cannot read IP mode file for STMicroelectronics.X-CUBE-BLE2.3.3.0
2025-08-16 11:53:57,041 [WARN] PackLoader:240 - Cannot read IP mode file for STMicroelectronics.X-CUBE-NFC9.1.0.0
2025-08-16 11:53:57,046 [WARN] PackLoader:240 - Cannot read IP mode file for STMicroelectronics.X-CUBE-BLE1.7.1.0
2025-08-16 11:53:57,051 [WARN] PackLoader:240 - Cannot read IP mode file for wolfSSL.I-CUBE-wolfMQTT.1.19.2
2025-08-16 11:53:57,056 [WARN] PackLoader:240 - Cannot read IP mode file for STMicroelectronics.X-CUBE-EEPRMA1.5.2.0
2025-08-16 11:53:57,059 [WARN] PackLoader:240 - Cannot read IP mode file for STMicroelectronics.X-CUBE-AI.10.1.0
2025-08-16 11:53:57,097 [WARN] PackLoader:240 - Cannot read IP mode file for STMicroelectronics.X-CUBE-MEMS1.11.2.0
2025-08-16 11:53:57,218 [WARN] PackLoader:240 - Cannot read IP mode file for STMicroelectronics.X-CUBE-AZRTOS-G0.1.1.0
2025-08-16 11:53:57,225 [WARN] PackLoader:240 - Cannot read IP mode file for STMicroelectronics.X-CUBE-SAFEA1.1.2.2
2025-08-16 11:53:57,232 [WARN] PackLoader:240 - Cannot read IP mode file for STMicroelectronics.X-CUBE-NFC4.3.0.0
2025-08-16 11:53:57,239 [WARN] PackLoader:240 - Cannot read IP mode file for EmbeddedOffice.I-CUBE-FS-RTOS.1.0.1
2025-08-16 11:53:57,245 [WARN] PackLoader:240 - Cannot read IP mode file for STMicroelectronics.X-CUBE-WB05N.2.0.0
2025-08-16 11:53:57,250 [WARN] PackLoader:240 - Cannot read IP mode file for wolfSSL.I-CUBE-wolfTPM.3.8.0
2025-08-16 11:53:57,255 [WARN] PackLoader:240 - Cannot read IP mode file for STMicroelectronics.X-CUBE-TCPP.4.2.0
2025-08-16 11:53:57,261 [WARN] PackLoader:240 - Cannot read IP mode file for RealThread.X-CUBE-RT-Thread_Nano.4.1.1
2025-08-16 11:53:57,265 [WARN] PackLoader:240 - Cannot read IP mode file for STMicroelectronics.FP-ATR-SIGFOX1.3.2.0
2025-08-16 11:53:57,270 [WARN] PackLoader:240 - Cannot read IP mode file for STMicroelectronics.X-CUBE-EEPRMA1.5.1.0
2025-08-16 11:53:57,275 [WARN] PackLoader:240 - Cannot read IP mode file for wolfSSL.I-CUBE-wolfSSL.5.7.6
2025-08-16 11:53:57,285 [WARN] PackLoader:240 - Cannot read IP mode file for ITTIA_DB.I-CUBE-ITTIADB.8.9.0
2025-08-16 11:53:57,290 [WARN] PackLoader:240 - Cannot read IP mode file for STMicroelectronics.X-CUBE-ST67W61.1.0.0
2025-08-16 11:53:57,293 [WARN] PackLoader:240 - Cannot read IP mode file for STMicroelectronics.X-CUBE-AI.10.2.0
2025-08-16 11:53:57,315 [WARN] PackLoader:240 - Cannot read IP mode file for SEGGER.I-CUBE-embOS.1.3.1
2025-08-16 11:53:57,350 [WARN] PackLoader:240 - Cannot read IP mode file for STMicroelectronics.X-CUBE-ALGOBUILD.1.4.0
2025-08-16 11:53:57,383 [WARN] PackLoader:240 - Cannot read IP mode file for STMicroelectronics.X-CUBE-MEMS1.11.3.0
2025-08-16 11:53:57,487 [WARN] PackLoader:240 - Cannot read IP mode file for STMicroelectronics.X-CUBE-PM33A1.1.0.0
2025-08-16 11:53:57,516 [WARN] PackLoader:240 - Cannot read IP mode file for STMicroelectronics.X-CUBE-AZRTOS-F4.1.1.0
2025-08-16 11:53:57,523 [WARN] PackLoader:240 - Cannot read IP mode file for Avnet-IotConnect.X-CUBE-IoTC-DA16k-PMOD.1.0.0
2025-08-16 11:53:57,530 [WARN] PackLoader:240 - Cannot read IP mode file for STMicroelectronics.X-CUBE-ISPU.2.1.0
2025-08-16 11:53:57,536 [WARN] PackLoader:240 - Cannot read IP mode file for STMicroelectronics.X-CUBE-NFC12.1.0.0
2025-08-16 11:53:57,550 [WARN] PackLoader:240 - Cannot read IP mode file for STMicroelectronics.X-CUBE-AZRTOS-L5.2.0.0
2025-08-16 11:53:57,558 [WARN] PackLoader:240 - Cannot read IP mode file for STMicroelectronics.X-CUBE-NFC6.3.1.0
2025-08-16 11:53:57,565 [WARN] PackLoader:240 - Cannot read IP mode file for STMicroelectronics.X-CUBE-FREERTOS.1.3.1
2025-08-16 11:53:57,569 [WARN] PackLoader:240 - Cannot read IP mode file for STMicroelectronics.X-CUBE-FREERTOS.1.3.0
2025-08-16 11:53:57,573 [WARN] PackLoader:240 - Cannot read IP mode file for STMicroelectronics.FP-SNS-STAIOTCFT.1.0.0
2025-08-16 11:53:57,579 [WARN] PackLoader:240 - Cannot read IP mode file for STMicroelectronics.X-CUBE-DPower.1.3.0
2025-08-16 11:53:57,591 [WARN] ConditionMgr:438 - getConditionDescription Invalid condition id : LAN8742 Phy interface Condition cause : null
2025-08-16 11:53:57,595 [WARN] PackLoader:240 - Cannot read IP mode file for STMicroelectronics.X-CUBE-AZRTOS-L4.2.0.0
2025-08-16 11:53:57,595 [WARN] ConditionMgr:1044 - genDependencies : Invalid condition id : LAN8742 Phy interface Condition cause : null
2025-08-16 11:53:57,595 [WARN] ConditionMgr:1044 - genDependencies : Invalid condition id : LAN8742 Phy interface Condition cause : null
2025-08-16 11:53:57,596 [WARN] ConditionMgr:1044 - genDependencies : Invalid condition id : LAN8742 Phy interface Condition cause : null
2025-08-16 11:53:57,602 [WARN] PackLoader:240 - Cannot read IP mode file for STMicroelectronics.X-CUBE-SFXS2LP1.4.0.0
2025-08-16 11:53:57,615 [WARN] PackLoader:240 - Cannot read IP mode file for STMicroelectronics.X-CUBE-AZRTOS-H7.3.3.0
2025-08-16 11:53:57,624 [WARN] PackLoader:240 - Cannot read IP mode file for STMicroelectronics.X-CUBE-BLEMGR.4.1.0
2025-08-16 11:53:57,632 [WARN] ConditionMgr:438 - getConditionDescription Invalid condition id : UX DEVICE CLASS RTOS Condition cause : null
2025-08-16 11:53:57,633 [WARN] ConditionMgr:438 - getConditionDescription Invalid condition id : UX DEVICE CLASS RTOS Condition cause : null
2025-08-16 11:53:57,633 [WARN] PackLoader:240 - Cannot read IP mode file for STMicroelectronics.X-CUBE-AZRTOS-WB.2.0.0
2025-08-16 11:53:57,635 [WARN] ConditionMgr:1044 - genDependencies : Invalid condition id : UX DEVICE CLASS RTOS Condition cause : null
2025-08-16 11:53:57,635 [WARN] ConditionMgr:1044 - genDependencies : Invalid condition id : UX DEVICE CLASS RTOS Condition cause : null
2025-08-16 11:53:57,635 [WARN] ConditionMgr:1044 - genDependencies : Invalid condition id : UX DEVICE CLASS RTOS Condition cause : null
2025-08-16 11:53:57,635 [WARN] ConditionMgr:1044 - genDependencies : Invalid condition id : UX DEVICE CLASS RTOS Condition cause : null
2025-08-16 11:53:57,635 [WARN] ConditionMgr:1044 - genDependencies : Invalid condition id : UX DEVICE CLASS RTOS Condition cause : null
2025-08-16 11:53:57,640 [WARN] PackLoader:240 - Cannot read IP mode file for STMicroelectronics.X-CUBE-GNSS1.7.0.1
2025-08-16 11:53:57,645 [WARN] PackLoader:240 - Cannot read IP mode file for STMicroelectronics.X-CUBE-TOUCHGFX.4.25.0
2025-08-16 11:53:57,649 [WARN] PackLoader:240 - Cannot read IP mode file for STMicroelectronics.FP-SNS-STBOX1.2.0.0
2025-08-16 11:53:57,657 [WARN] PackLoader:240 - Cannot read IP mode file for STMicroelectronics.X-CUBE-SUBG2.5.0.0
2025-08-16 11:53:57,675 [WARN] PackLoader:240 - Cannot read IP mode file for STMicroelectronics.X-CUBE-AZRTOS-H7RS.1.1.0
2025-08-16 11:53:57,681 [WARN] PackLoader:240 - Cannot read IP mode file for Cesanta.I-CUBE-Mongoose.7.13.0
2025-08-16 11:53:57,692 [WARN] PackLoader:240 - Cannot read IP mode file for STMicroelectronics.X-CUBE-AZRTOS-G4.2.0.0
2025-08-16 11:53:57,698 [WARN] PackLoader:240 - Cannot read IP mode file for wolfSSL.I-CUBE-wolfSSH.1.4.20
2025-08-16 11:53:57,702 [WARN] PackLoader:240 - Cannot read IP mode file for STMicroelectronics.X-CUBE-NFC7.2.0.0
2025-08-16 11:53:57,711 [WARN] PackLoader:240 - Cannot read IP mode file for STMicroelectronics.X-CUBE-IPS.3.1.0
2025-08-16 11:53:57,718 [WARN] PackLoader:240 - Cannot read IP mode file for STMicroelectronics.X-CUBE-ALS.1.0.2
2025-08-16 11:53:57,724 [WARN] PackLoader:240 - Cannot read IP mode file for portGmbH.I-Cube-SoM-uGOAL.1.1.0
2025-08-16 11:53:57,733 [WARN] PackLoader:240 - Cannot read IP mode file for STMicroelectronics.X-CUBE-TOF1.3.4.3
2025-08-16 11:53:57,741 [INFO] ThirdParty:978 - Integrity check success = true
2025-08-16 11:53:57,741 [INFO] IntegrityCheckThread:100 - exiting critical section [integrity check]
2025-08-16 11:53:57,741 [INFO] IntegrityCheckThread:103 - End integrity checks thread
2025-08-16 12:44:07,505 [ERROR] LogOutputStream:75 - [STDERR_REDIRECT] 
2025-08-16 12:44:13,512 [INFO] Activator:176 - 


2025-08-16 12:44:13,513 [INFO] Activator:177 - !SESSION log4j initialized
2025-08-16 12:44:15,726 [INFO] LogOutputStream:77 - [STDOUT_REDIRECT] 
