2025-07-27 16:22:11,188 [INFO] Activator:176 - 


2025-07-27 16:22:11,189 [INFO] Activator:177 - !SESSION log4j initialized
2025-07-27 16:22:13,281 [INFO] LogOutputStream:77 - [STDOUT_REDIRECT] 
2025-07-27 16:22:15,702 [INFO] ApplicationProperties:184 - Using Application install path: C:\ST\STM32CubeIDE_1.18.1\STM32CubeIDE\plugins\com.st.stm32cube.common.mx_6.15.0.202507011659
2025-07-27 16:22:15,722 [INFO] DbMcusXml:78 - Set database path to: C:\ST\STM32CubeIDE_1.18.1\STM32CubeIDE\plugins\com.st.stm32cube.common.mx_6.15.0.202507011659\\db\/mcu/
2025-07-27 16:22:15,722 [INFO] ApiDb:274 - Set plugin database path to: C:\ST\STM32CubeIDE_1.18.1\STM32CubeIDE\plugins\com.st.stm32cube.common.mx_6.15.0.202507011659\\db\/plugins/boardmanager/
2025-07-27 16:22:15,722 [WARN] ApiDb:259 - Overriding images path with different value:  => C:\ST\STM32CubeIDE_1.18.1\STM32CubeIDE\plugins\com.st.stm32cube.common.mx_6.15.0.202507011659\\db\/plugins/mcufinder/images/
2025-07-27 16:22:15,728 [INFO] ApiDb:250 - Set database path to: C:\Users\wh310\.stmcufinder\plugins\mcufinder//mcu/
2025-07-27 16:22:15,729 [INFO] DbMcusAds:125 - Set database path to: C:\Users\wh310\.stmcufinder\plugins\mcufinder//mcu/
2025-07-27 16:22:15,731 [INFO] CrossReferenceDbSqlite:203 - Set database path to: C:\Users\wh310\.stmcufinder\plugins\mcufinder//mcu/cs/
2025-07-27 16:22:15,826 [INFO] RulesReader:64 - Compatibility file has been processed (317 Rules)
2025-07-27 16:22:15,898 [INFO] DbMcusXml:78 - Set database path to: C:\ST\STM32CubeIDE_1.18.1\STM32CubeIDE\plugins\com.st.stm32cube.common.mx_6.15.0.202507011659\\db\/mcu/
2025-07-27 16:22:15,899 [INFO] ApiDb:274 - Set plugin database path to: C:\ST\STM32CubeIDE_1.18.1\STM32CubeIDE\plugins\com.st.stm32cube.common.mx_6.15.0.202507011659\\db\/plugins/boardmanager/
2025-07-27 16:22:15,899 [INFO] ApiDb:261 - Set plugin images path to: C:\ST\STM32CubeIDE_1.18.1\STM32CubeIDE\plugins\com.st.stm32cube.common.mx_6.15.0.202507011659\\db\/plugins/mcufinder/images/
2025-07-27 16:22:15,899 [WARN] DbFile:41 - Overriding database path with different value: C:\Users\wh310\.stmcufinder\plugins\mcufinder/ => C:\Users\wh310\.stmcufinder\plugins\mcufinder
2025-07-27 16:22:15,899 [INFO] ApiDb:250 - Set database path to: C:\Users\wh310\.stmcufinder\plugins\mcufinder//mcu/
2025-07-27 16:22:15,899 [WARN] DbFile:41 - Overriding database path with different value: C:\Users\wh310\.stmcufinder\plugins\mcufinder/ => C:\Users\wh310\.stmcufinder\plugins\mcufinder
2025-07-27 16:22:15,899 [INFO] DbMcusAds:125 - Set database path to: C:\Users\wh310\.stmcufinder\plugins\mcufinder//mcu/
2025-07-27 16:22:15,899 [WARN] DbFile:41 - Overriding database path with different value: C:\Users\wh310\.stmcufinder\plugins\mcufinder/ => C:\Users\wh310\.stmcufinder\plugins\mcufinder
2025-07-27 16:22:15,899 [WARN] DbFile:41 - Overriding database path with different value: C:\Users\wh310\.stmcufinder\plugins\mcufinder/ => C:\Users\wh310\.stmcufinder\plugins\mcufinder
2025-07-27 16:22:15,899 [INFO] CrossReferenceDbSqlite:203 - Set database path to: C:\Users\wh310\.stmcufinder\plugins\mcufinder//mcu/cs/
2025-07-27 16:22:15,963 [INFO] MainPanel:274 - HeapMemory: 268435456
2025-07-27 16:22:16,057 [INFO] DbMcusXml:78 - Set database path to: C:\ST\STM32CubeIDE_1.18.1\STM32CubeIDE\plugins\com.st.stm32cube.common.mx_6.15.0.202507011659\\db\/mcu/
2025-07-27 16:22:16,057 [INFO] ApiDb:274 - Set plugin database path to: C:\ST\STM32CubeIDE_1.18.1\STM32CubeIDE\plugins\com.st.stm32cube.common.mx_6.15.0.202507011659\\db\/plugins/boardmanager/
2025-07-27 16:22:16,058 [INFO] ApiDb:261 - Set plugin images path to: C:\ST\STM32CubeIDE_1.18.1\STM32CubeIDE\plugins\com.st.stm32cube.common.mx_6.15.0.202507011659\\db\/plugins/mcufinder/images/
2025-07-27 16:22:16,058 [WARN] DbFile:41 - Overriding database path with different value: C:\Users\wh310\.stmcufinder\plugins\mcufinder/ => C:\Users\wh310\.stmcufinder\plugins\mcufinder
2025-07-27 16:22:16,058 [INFO] ApiDb:250 - Set database path to: C:\Users\wh310\.stmcufinder\plugins\mcufinder//mcu/
2025-07-27 16:22:16,058 [WARN] DbFile:41 - Overriding database path with different value: C:\Users\wh310\.stmcufinder\plugins\mcufinder/ => C:\Users\wh310\.stmcufinder\plugins\mcufinder
2025-07-27 16:22:16,058 [INFO] DbMcusAds:125 - Set database path to: C:\Users\wh310\.stmcufinder\plugins\mcufinder//mcu/
2025-07-27 16:22:16,058 [WARN] DbFile:41 - Overriding database path with different value: C:\Users\wh310\.stmcufinder\plugins\mcufinder/ => C:\Users\wh310\.stmcufinder\plugins\mcufinder
2025-07-27 16:22:16,058 [WARN] DbFile:41 - Overriding database path with different value: C:\Users\wh310\.stmcufinder\plugins\mcufinder/ => C:\Users\wh310\.stmcufinder\plugins\mcufinder
2025-07-27 16:22:16,058 [INFO] CrossReferenceDbSqlite:203 - Set database path to: C:\Users\wh310\.stmcufinder\plugins\mcufinder//mcu/cs/
2025-07-27 16:22:16,075 [INFO] ApplicationProperties:184 - Using Application install path: C:\ST\STM32CubeIDE_1.18.1\STM32CubeIDE\plugins\com.st.stm32cube.common.mx_6.15.0.202507011659
2025-07-27 16:22:16,076 [INFO] PluginManage:196 - Search for loadable plugins [exclusion list=, ]
2025-07-27 16:22:16,077 [INFO] PluginManage:310 - Check plugin analytics
2025-07-27 16:22:16,261 [INFO] AnalyticsPlugin:253 - Accepted Software Licenses: STM32CubeMX.6.14.1
2025-07-27 16:22:16,261 [INFO] AnalyticsPlugin:255 - Accepted CMSIS Pack Licenses: 
2025-07-27 16:22:16,261 [INFO] AnalyticsPlugin:257 - Accepted Firmware Licenses: 
2025-07-27 16:22:16,263 [INFO] PluginManage:359 - Loaded plugin analytics (category:tool,tabindex:-1)
2025-07-27 16:22:16,265 [INFO] PluginManage:310 - Check plugin cadmodel
2025-07-27 16:22:16,269 [INFO] CADModel:105 - Init CAD model plugin
2025-07-27 16:22:16,270 [INFO] PluginManage:359 - Loaded plugin cadmodel (category:power,tabindex:5)
2025-07-27 16:22:16,270 [INFO] PluginManage:310 - Check plugin clock
2025-07-27 16:22:16,278 [INFO] PluginManage:359 - Loaded plugin clock (category:base,tabindex:2)
2025-07-27 16:22:16,278 [INFO] PluginManage:310 - Check plugin ddr
2025-07-27 16:22:16,280 [INFO] PluginManage:359 - Loaded plugin ddr (category:tool,tabindex:6)
2025-07-27 16:22:16,280 [INFO] PluginManage:310 - Check plugin filemanager
2025-07-27 16:22:16,396 [INFO] PluginManage:359 - Loaded plugin filemanager (category:base,tabindex:10)
2025-07-27 16:22:16,396 [INFO] PluginManage:310 - Check plugin ipmanager
2025-07-27 16:22:16,402 [INFO] PluginManage:359 - Loaded plugin ipmanager (category:base,tabindex:5)
2025-07-27 16:22:16,403 [INFO] PluginManage:310 - Check plugin lpbam
2025-07-27 16:22:16,410 [INFO] PluginManage:359 - Loaded plugin lpbam (category:base,tabindex:0)
2025-07-27 16:22:16,410 [INFO] PluginManage:310 - Check plugin memorymap
2025-07-27 16:22:16,420 [INFO] PluginManage:359 - Loaded plugin memorymap (category:base,tabindex:4)
2025-07-27 16:22:16,420 [INFO] PluginManage:310 - Check plugin pinoutandconfiguration
2025-07-27 16:22:16,428 [INFO] PluginManage:359 - Loaded plugin pinoutandconfiguration (category:base,tabindex:1)
2025-07-27 16:22:16,428 [INFO] PluginManage:310 - Check plugin pinoutconfig
2025-07-27 16:22:16,494 [WARN] SupportedApi:132 - Cannot load RTOS API schema: s4s-elt-must-match.1: The content of 'definitions' must match (annotation?, (simpleType | complexType)?, (unique | key | keyref)*)). A problem was found starting at: attribute.
2025-07-27 16:22:16,603 [INFO] PluginManage:359 - Loaded plugin pinoutconfig (category:base,tabindex:0)
2025-07-27 16:22:16,603 [INFO] PluginManage:310 - Check plugin power
2025-07-27 16:22:16,610 [INFO] PluginManage:359 - Loaded plugin power (category:power,tabindex:4)
2025-07-27 16:22:16,611 [INFO] PluginManage:310 - Check plugin projectmanager
2025-07-27 16:22:16,622 [INFO] PluginManage:359 - Loaded plugin projectmanager (category:projectmanager,tabindex:4)
2025-07-27 16:22:16,622 [INFO] PluginManage:310 - Check plugin rif
2025-07-27 16:22:16,632 [INFO] PluginManage:359 - Loaded plugin rif (category:base,tabindex:3)
2025-07-27 16:22:16,632 [INFO] PluginManage:310 - Check plugin thirdparty
2025-07-27 16:22:16,743 [INFO] PluginManage:359 - Loaded plugin thirdparty (category:base,tabindex:-1)
2025-07-27 16:22:16,743 [WARN] IntegrityCheckThread:84 - waiting for thirdparty lock release [integrity check]
2025-07-27 16:22:16,745 [INFO] PluginManage:310 - Check plugin tools
2025-07-27 16:22:16,745 [INFO] IntegrityCheckThread:86 - entering critical section [integrity check]
2025-07-27 16:22:16,745 [INFO] ThirdPartyUpdaterWithRetryManager:70 - Updater plugin not ready yet. [1/15]
2025-07-27 16:22:16,747 [INFO] PluginManage:359 - Loaded plugin tools (category:base,tabindex:7)
2025-07-27 16:22:16,747 [INFO] PluginManage:310 - Check plugin tutovideos
2025-07-27 16:22:16,899 [INFO] PluginManage:359 - Loaded plugin tutovideos (category:base,tabindex:-1)
2025-07-27 16:22:16,899 [INFO] PluginManage:310 - Check plugin updater
2025-07-27 16:22:16,916 [INFO] PluginManage:359 - Loaded plugin updater (category:base,tabindex:12)
2025-07-27 16:22:16,916 [INFO] PluginManage:310 - Check plugin userauth
2025-07-27 16:22:16,919 [INFO] UserAuth:118 - Init User Auth plugin
2025-07-27 16:22:16,920 [INFO] PluginManage:359 - Loaded plugin userauth (category:base,tabindex:14)
2025-07-27 16:22:16,920 [INFO] PluginManage:283 - PluginManage : Loaded plugins [18]
2025-07-27 16:22:17,081 [INFO] PinOutPanel:1589 - setPackage(No Configuration,No Configuration)
2025-07-27 16:22:17,150 [INFO] CADModel:165 - CPN selected for project level
2025-07-27 16:22:17,151 [INFO] CADModel:114 - Register for checkConnection events
2025-07-27 16:22:17,165 [INFO] IPUIPlugin:80 - create IPUIPlugin
2025-07-27 16:22:17,165 [INFO] PluginManager:220 - loadIPPluginJar : add adc
2025-07-27 16:22:17,169 [INFO] IPUIPlugin:80 - create IPUIPlugin
2025-07-27 16:22:17,169 [INFO] PluginManager:220 - loadIPPluginJar : add aes
2025-07-27 16:22:17,171 [INFO] IPUIPlugin:80 - create IPUIPlugin
2025-07-27 16:22:17,171 [INFO] PluginManager:220 - loadIPPluginJar : add can
2025-07-27 16:22:17,172 [INFO] IPUIPlugin:80 - create IPUIPlugin
2025-07-27 16:22:17,172 [INFO] PluginManager:220 - loadIPPluginJar : add comp
2025-07-27 16:22:17,174 [INFO] IPUIPlugin:80 - create IPUIPlugin
2025-07-27 16:22:17,175 [INFO] PluginManager:220 - loadIPPluginJar : add cryp
2025-07-27 16:22:17,176 [INFO] IPUIPlugin:80 - create IPUIPlugin
2025-07-27 16:22:17,176 [INFO] PluginManager:220 - loadIPPluginJar : add ddr_ctrl_phy
2025-07-27 16:22:17,178 [INFO] IPUIPlugin:80 - create IPUIPlugin
2025-07-27 16:22:17,178 [INFO] PluginManager:220 - loadIPPluginJar : add dfsdm
2025-07-27 16:22:17,182 [INFO] IPUIPlugin:80 - create IPUIPlugin
2025-07-27 16:22:17,183 [INFO] PluginManager:220 - loadIPPluginJar : add dma
2025-07-27 16:22:17,185 [INFO] IPUIPlugin:80 - create IPUIPlugin
2025-07-27 16:22:17,185 [INFO] PluginManager:220 - loadIPPluginJar : add dma3
2025-07-27 16:22:17,187 [INFO] IPUIPlugin:80 - create IPUIPlugin
2025-07-27 16:22:17,187 [INFO] PluginManager:220 - loadIPPluginJar : add extmemmanager
2025-07-27 16:22:17,189 [INFO] IPUIPlugin:80 - create IPUIPlugin
2025-07-27 16:22:17,189 [INFO] PluginManager:220 - loadIPPluginJar : add fatfs
2025-07-27 16:22:17,191 [INFO] IPUIPlugin:80 - create IPUIPlugin
2025-07-27 16:22:17,191 [INFO] PluginManager:220 - loadIPPluginJar : add fmc
2025-07-27 16:22:17,195 [INFO] IPUIPlugin:80 - create IPUIPlugin
2025-07-27 16:22:17,195 [INFO] PluginManager:220 - loadIPPluginJar : add freertos
2025-07-27 16:22:17,197 [INFO] IPUIPlugin:80 - create IPUIPlugin
2025-07-27 16:22:17,197 [INFO] PluginManager:220 - loadIPPluginJar : add genericplugin
2025-07-27 16:22:17,200 [INFO] IPUIPlugin:80 - create IPUIPlugin
2025-07-27 16:22:17,200 [INFO] PluginManager:220 - loadIPPluginJar : add gfxmmu
2025-07-27 16:22:17,202 [INFO] IPUIPlugin:80 - create IPUIPlugin
2025-07-27 16:22:17,203 [INFO] PluginManager:220 - loadIPPluginJar : add gic
2025-07-27 16:22:17,205 [INFO] IPUIPlugin:80 - create IPUIPlugin
2025-07-27 16:22:17,205 [INFO] PluginManager:220 - loadIPPluginJar : add gpio
2025-07-27 16:22:17,207 [INFO] IPUIPlugin:80 - create IPUIPlugin
2025-07-27 16:22:17,207 [INFO] PluginManager:220 - loadIPPluginJar : add gtzc
2025-07-27 16:22:17,209 [INFO] IPUIPlugin:80 - create IPUIPlugin
2025-07-27 16:22:17,209 [INFO] PluginManager:220 - loadIPPluginJar : add hash
2025-07-27 16:22:17,210 [INFO] IPUIPlugin:80 - create IPUIPlugin
2025-07-27 16:22:17,210 [INFO] PluginManager:220 - loadIPPluginJar : add i2c
2025-07-27 16:22:17,212 [INFO] IPUIPlugin:80 - create IPUIPlugin
2025-07-27 16:22:17,212 [INFO] PluginManager:220 - loadIPPluginJar : add i2s
2025-07-27 16:22:17,214 [INFO] IPUIPlugin:80 - create IPUIPlugin
2025-07-27 16:22:17,214 [INFO] PluginManager:220 - loadIPPluginJar : add i3c
2025-07-27 16:22:17,216 [INFO] IPUIPlugin:80 - create IPUIPlugin
2025-07-27 16:22:17,216 [INFO] PluginManager:220 - loadIPPluginJar : add ipddr
2025-07-27 16:22:17,222 [INFO] IPUIPlugin:80 - create IPUIPlugin
2025-07-27 16:22:17,222 [INFO] PluginManager:220 - loadIPPluginJar : add linkedlist
2025-07-27 16:22:17,225 [INFO] IPUIPlugin:80 - create IPUIPlugin
2025-07-27 16:22:17,225 [INFO] PluginManager:220 - loadIPPluginJar : add lorawan
2025-07-27 16:22:17,226 [INFO] IPUIPlugin:80 - create IPUIPlugin
2025-07-27 16:22:17,226 [INFO] PluginManager:220 - loadIPPluginJar : add ltdc
2025-07-27 16:22:17,230 [INFO] IPUIPlugin:80 - create IPUIPlugin
2025-07-27 16:22:17,230 [INFO] PluginManager:220 - loadIPPluginJar : add mdma
2025-07-27 16:22:17,232 [INFO] IPUIPlugin:80 - create IPUIPlugin
2025-07-27 16:22:17,232 [INFO] PluginManager:220 - loadIPPluginJar : add nvic
2025-07-27 16:22:17,233 [INFO] IPUIPlugin:80 - create IPUIPlugin
2025-07-27 16:22:17,233 [INFO] PluginManager:220 - loadIPPluginJar : add opamp
2025-07-27 16:22:17,236 [INFO] IPUIPlugin:80 - create IPUIPlugin
2025-07-27 16:22:17,236 [INFO] PluginManager:220 - loadIPPluginJar : add openamp
2025-07-27 16:22:17,238 [INFO] IPUIPlugin:80 - create IPUIPlugin
2025-07-27 16:22:17,238 [INFO] PluginManager:220 - loadIPPluginJar : add pdm2pcm
2025-07-27 16:22:17,242 [INFO] IPUIPlugin:80 - create IPUIPlugin
2025-07-27 16:22:17,244 [INFO] PluginManager:220 - loadIPPluginJar : add plateformsettings
2025-07-27 16:22:17,245 [INFO] IPUIPlugin:80 - create IPUIPlugin
2025-07-27 16:22:17,245 [INFO] PluginManager:220 - loadIPPluginJar : add quadspi
2025-07-27 16:22:17,247 [INFO] IPUIPlugin:80 - create IPUIPlugin
2025-07-27 16:22:17,247 [INFO] PluginManager:220 - loadIPPluginJar : add radio
2025-07-27 16:22:17,249 [INFO] IPUIPlugin:80 - create IPUIPlugin
2025-07-27 16:22:17,250 [INFO] PluginManager:220 - loadIPPluginJar : add resmgrutility
2025-07-27 16:22:17,252 [INFO] IPUIPlugin:80 - create IPUIPlugin
2025-07-27 16:22:17,252 [INFO] PluginManager:220 - loadIPPluginJar : add sai
2025-07-27 16:22:17,253 [INFO] IPUIPlugin:80 - create IPUIPlugin
2025-07-27 16:22:17,253 [INFO] PluginManager:220 - loadIPPluginJar : add spi
2025-07-27 16:22:17,258 [INFO] IPUIPlugin:80 - create IPUIPlugin
2025-07-27 16:22:17,258 [INFO] PluginManager:220 - loadIPPluginJar : add stm32_wpan
2025-07-27 16:22:17,260 [INFO] IPUIPlugin:80 - create IPUIPlugin
2025-07-27 16:22:17,260 [INFO] PluginManager:220 - loadIPPluginJar : add tim
2025-07-27 16:22:17,262 [INFO] IPUIPlugin:80 - create IPUIPlugin
2025-07-27 16:22:17,262 [INFO] PluginManager:220 - loadIPPluginJar : add touchsensing
2025-07-27 16:22:17,263 [INFO] IPUIPlugin:80 - create IPUIPlugin
2025-07-27 16:22:17,263 [INFO] PluginManager:220 - loadIPPluginJar : add tracer_emb
2025-07-27 16:22:17,266 [INFO] IPUIPlugin:80 - create IPUIPlugin
2025-07-27 16:22:17,266 [INFO] PluginManager:220 - loadIPPluginJar : add ts
2025-07-27 16:22:17,267 [INFO] IPUIPlugin:80 - create IPUIPlugin
2025-07-27 16:22:17,267 [INFO] PluginManager:220 - loadIPPluginJar : add tsc
2025-07-27 16:22:17,269 [INFO] IPUIPlugin:80 - create IPUIPlugin
2025-07-27 16:22:17,269 [INFO] PluginManager:220 - loadIPPluginJar : add ucpd
2025-07-27 16:22:17,271 [INFO] IPUIPlugin:80 - create IPUIPlugin
2025-07-27 16:22:17,271 [INFO] PluginManager:220 - loadIPPluginJar : add usart
2025-07-27 16:22:17,272 [INFO] IPUIPlugin:80 - create IPUIPlugin
2025-07-27 16:22:17,272 [INFO] PluginManager:220 - loadIPPluginJar : add usbx
2025-07-27 16:22:17,390 [FATAL] Updater:351 - Updater called before beeing initialized
2025-07-27 16:22:17,410 [INFO] RulesReader:64 - Compatibility file has been processed (317 Rules)
2025-07-27 16:22:17,418 [INFO] RulesReader:64 - Compatibility file has been processed (317 Rules)
2025-07-27 16:22:17,426 [INFO] CADModel:165 - CPN selected for project level
2025-07-27 16:22:17,426 [INFO] CADModel:114 - Register for checkConnection events
2025-07-27 16:22:17,426 [FATAL] Updater:351 - Updater called before beeing initialized
2025-07-27 16:22:17,426 [ERROR] CADModel:125 - Updater not yet initialized, retry later 
2025-07-27 16:22:17,535 [FATAL] Updater:351 - Updater called before beeing initialized
2025-07-27 16:22:17,537 [INFO] CADModel:165 - CPN selected for project level
2025-07-27 16:22:17,537 [INFO] CADModel:114 - Register for checkConnection events
2025-07-27 16:22:17,537 [FATAL] Updater:351 - Updater called before beeing initialized
2025-07-27 16:22:17,537 [ERROR] CADModel:125 - Updater not yet initialized, retry later 
2025-07-27 16:22:17,539 [FATAL] Updater:351 - Updater called before beeing initialized
2025-07-27 16:22:17,627 [FATAL] Updater:351 - Updater called before beeing initialized
2025-07-27 16:22:17,629 [INFO] DbMcusAds:53 - JSON generation date=Tue Jul 08 17:14:23 KST 2025 (1751962463562)
2025-07-27 16:22:17,629 [FATAL] Updater:351 - Updater called before beeing initialized
2025-07-27 16:22:17,660 [WARN] DetailPanel:346 - Failed to get advertising image, set to default
2025-07-27 16:22:17,752 [FATAL] Updater:351 - Updater called before beeing initialized
2025-07-27 16:22:17,752 [FATAL] Updater:351 - Updater called before beeing initialized
2025-07-27 16:22:17,753 [FATAL] Updater:351 - Updater called before beeing initialized
2025-07-27 16:22:17,753 [WARN] DetailPanel:346 - Failed to get advertising image, set to default
2025-07-27 16:22:17,753 [FATAL] Updater:351 - Updater called before beeing initialized
2025-07-27 16:22:17,789 [ERROR] Updater:1198 - MainUpdater not yet initialized. External WinMGr cannot be set.
2025-07-27 16:22:17,790 [INFO] Updater:1134 - Updater Version found : 6.15.0
2025-07-27 16:22:17,802 [INFO] ApplicationProperties:184 - Using Application install path: C:\ST\STM32CubeIDE_1.18.1\STM32CubeIDE\plugins\com.st.stm32cube.common.mx_6.15.0.202507011659
2025-07-27 16:22:19,372 [ERROR] LogOutputStream:75 - [STDERR_REDIRECT] Jul 27, 2025 4:22:19 PM java.util.prefs.WindowsPreferences <init>
2025-07-27 16:22:19,372 [ERROR] LogOutputStream:75 - [STDERR_REDIRECT] WARNING: Could not open/create prefs root node Software\JavaSoft\Prefs at root 0xffffffff80000002. Windows RegCreateKeyEx(...) returned error code 5.
2025-07-27 16:22:19,372 [ERROR] LogOutputStream:75 - [STDERR_REDIRECT] 
2025-07-27 16:22:19,746 [INFO] ThirdPartyUpdaterWithRetryManager:70 - Updater plugin not ready yet. [2/15]
2025-07-27 16:22:19,892 [INFO] MainUpdater:2872 - connection check result : 10
2025-07-27 16:22:19,892 [INFO] MainUpdater:3604 - Updater definition file requires update
2025-07-27 16:22:19,894 [INFO] MainUpdater:289 - Updater Check For Update Now.
2025-07-27 16:22:19,894 [INFO] MicroXplorer:498 - Change Database Version : DB.6.0.150
2025-07-27 16:22:19,899 [INFO] McuFinderGlobals:63 - Set McuFinder mode to 2 (CubeIDE integrated)
2025-07-27 16:22:19,899 [INFO] UserAuth:487 - Internet connection configuration mode: 1
2025-07-27 16:22:19,913 [INFO] JxBrowserEngine:152 - Initiate JxBrowser Engine with user profile folder
2025-07-27 16:22:20,860 [INFO] WebApp:169 - Instantiating new browser for Auth
2025-07-27 16:22:21,280 [INFO] ServerAccessManage:452 - Complete download http(s) 200
2025-07-27 16:22:21,281 [INFO] ServerAccessManage:509 - Download File updaters.zip
2025-07-27 16:22:21,440 [INFO] WebApp:463 - Apply proxy settings
2025-07-27 16:22:21,440 [INFO] WebApp:548 - Chromium requires no authentication
2025-07-27 16:22:21,447 [INFO] WebApp:491 - Direct internet connection detected
2025-07-27 16:22:21,469 [INFO] WebApp:900 - Register for checkConnection events
2025-07-27 16:22:21,469 [INFO] WebApp:463 - Apply proxy settings
2025-07-27 16:22:21,469 [INFO] WebApp:548 - Chromium requires no authentication
2025-07-27 16:22:21,469 [INFO] WebApp:491 - Direct internet connection detected
2025-07-27 16:22:21,619 [INFO] WebApp:225 - Starting web application
2025-07-27 16:22:21,619 [INFO] WebApp:593 - Web application path used C:\ST\STM32CubeIDE_1.18.1\STM32CubeIDE\plugins\com.st.stm32cube.common.mx_6.15.0.202507011659\db\plugins\mcufinder\reactClient1\index.html
2025-07-27 16:22:21,684 [INFO] FileExtend:248 - Unzip File : updaters.zip
2025-07-27 16:22:21,685 [INFO] FileExtend:263 - Standard Zip Deflate
2025-07-27 16:22:21,797 [INFO] UserAuth:487 - Internet connection configuration mode: 1
2025-07-27 16:22:21,829 [INFO] WebApp:191 - Connection restablished
2025-07-27 16:22:22,646 [INFO] ServerAccessManage:452 - Complete download http(s) 200
2025-07-27 16:22:22,646 [INFO] ServerAccessManage:509 - Download File PacksControlFlags.xml
2025-07-27 16:22:22,746 [WARN] MainUpdater:1193 - Updater busy. Cannot search thirdparties
2025-07-27 16:22:22,746 [INFO] ThirdPartyUpdaterWithRetryManager:96 - Updater plugin is busy. [1/15]
2025-07-27 16:22:23,345 [INFO] ServerAccessManage:452 - Complete download http(s) 200
2025-07-27 16:22:23,345 [INFO] ServerAccessManage:509 - Download File cubemx.pidx
2025-07-27 16:22:23,425 [INFO] LoadServerUpdatesThread:375 - End of LoadServerUpdate Thread
2025-07-27 16:22:23,582 [INFO] CheckServerUpdateThread:120 - End of CheckServer Thread
2025-07-27 16:22:25,992 [WARN] PackLoader:240 - Cannot read IP mode file for STMicroelectronics.FP-SNS-MOTENVWB1.1.4.0
2025-07-27 16:22:25,999 [WARN] PackLoader:240 - Cannot read IP mode file for STMicroelectronics.FP-ATR-ASTRA1.2.0.2
2025-07-27 16:22:26,007 [WARN] PackLoader:240 - Cannot read IP mode file for STMicroelectronics.X-CUBE-SMBUS.2.1.0
2025-07-27 16:22:26,011 [WARN] PackLoader:240 - Cannot read IP mode file for STMicroelectronics.X-CUBE-ST60.1.0.0
2025-07-27 16:22:26,034 [WARN] PackLoader:240 - Cannot read IP mode file for STMicroelectronics.X-CUBE-AZRTOS-F7.1.1.0
2025-07-27 16:22:26,061 [WARN] PackLoader:240 - Cannot read IP mode file for Infineon.AIROC-Wi-Fi-Bluetooth-STM32.1.7.0
2025-07-27 16:22:26,083 [WARN] PackLoader:240 - Cannot read IP mode file for STMicroelectronics.X-CUBE-AZRTOS-H7.3.4.0
2025-07-27 16:22:26,093 [WARN] PackLoader:240 - Cannot read IP mode file for STMicroelectronics.X-CUBE-DISPLAY.3.0.0
2025-07-27 16:22:26,102 [WARN] PackLoader:240 - Cannot read IP mode file for STMicroelectronics.X-CUBE-NFC10.1.0.0
2025-07-27 16:22:26,112 [WARN] PackLoader:240 - Cannot read IP mode file for STMicroelectronics.X-CUBE-BLEMGR.4.0.0
2025-07-27 16:22:26,118 [WARN] PackLoader:240 - Cannot read IP mode file for emotas.I-CUBE-CANOPEN.1.3.0
2025-07-27 16:22:26,123 [WARN] ConditionMgr:438 - getConditionDescription Invalid condition id : Cortex-A Device cause : null
2025-07-27 16:22:26,130 [WARN] ConditionMgr:1044 - genDependencies : Invalid condition id : Cortex-A Device cause : null
2025-07-27 16:22:26,131 [WARN] ConditionMgr:1044 - genDependencies : Invalid condition id : Cortex-A Device cause : null
2025-07-27 16:22:26,131 [WARN] ConditionMgr:1044 - genDependencies : Invalid condition id : Cortex-A Device cause : null
2025-07-27 16:22:26,134 [WARN] PackLoader:240 - Cannot read IP mode file for STMicroelectronics.X-CUBE-AI.10.0.0
2025-07-27 16:22:26,139 [WARN] PackLoader:240 - Cannot read IP mode file for STMicroelectronics.FP-SNS-SMARTAG2.1.2.0
2025-07-27 16:22:26,142 [WARN] PackLoader:240 - Cannot read IP mode file for STMicroelectronics.FP-SNS-FLIGHT1.5.1.0
2025-07-27 16:22:26,148 [INFO] LogOutputStream:77 - [STDOUT_REDIRECT] 1 : Invalid condition id : UX_CORESTACK_Condition cause : null
2025-07-27 16:22:26,149 [INFO] LogOutputStream:77 - [STDOUT_REDIRECT] 1 : Invalid condition id : UX_CORESTACK_Condition cause : null
2025-07-27 16:22:26,149 [INFO] LogOutputStream:77 - [STDOUT_REDIRECT] 1 : Invalid condition id : UX_CORESTACK_Condition cause : null
2025-07-27 16:22:26,150 [INFO] LogOutputStream:77 - [STDOUT_REDIRECT] 1 : Invalid condition id : UX_CORESTACK_Condition cause : null
2025-07-27 16:22:26,151 [INFO] LogOutputStream:77 - [STDOUT_REDIRECT] 1 : Invalid condition id : UX_CORESTACK_Condition cause : null
2025-07-27 16:22:26,152 [WARN] PackLoader:240 - Cannot read IP mode file for STMicroelectronics.X-CUBE-AZRTOS-WL.2.0.0
2025-07-27 16:22:26,157 [WARN] PackLoader:240 - Cannot read IP mode file for STMicroelectronics.FP-SNS-MOTENV1.5.0.0
2025-07-27 16:22:26,165 [WARN] PackLoader:240 - Cannot read IP mode file for WES.I-CUBE-Cesium.1.3.0
2025-07-27 16:22:26,169 [WARN] PackLoader:240 - Cannot read IP mode file for STMicroelectronics.X-CUBE-BLE2.3.3.0
2025-07-27 16:22:26,174 [WARN] PackLoader:240 - Cannot read IP mode file for STMicroelectronics.X-CUBE-NFC9.1.0.0
2025-07-27 16:22:26,179 [WARN] PackLoader:240 - Cannot read IP mode file for STMicroelectronics.X-CUBE-BLE1.7.1.0
2025-07-27 16:22:26,184 [WARN] PackLoader:240 - Cannot read IP mode file for wolfSSL.I-CUBE-wolfMQTT.1.19.2
2025-07-27 16:22:26,187 [WARN] PackLoader:240 - Cannot read IP mode file for STMicroelectronics.X-CUBE-EEPRMA1.5.2.0
2025-07-27 16:22:26,190 [WARN] PackLoader:240 - Cannot read IP mode file for STMicroelectronics.X-CUBE-AI.10.1.0
2025-07-27 16:22:26,220 [WARN] PackLoader:240 - Cannot read IP mode file for STMicroelectronics.X-CUBE-MEMS1.11.2.0
2025-07-27 16:22:26,307 [WARN] PackLoader:240 - Cannot read IP mode file for STMicroelectronics.X-CUBE-AZRTOS-G0.1.1.0
2025-07-27 16:22:26,314 [WARN] PackLoader:240 - Cannot read IP mode file for STMicroelectronics.X-CUBE-SAFEA1.1.2.2
2025-07-27 16:22:26,320 [WARN] PackLoader:240 - Cannot read IP mode file for STMicroelectronics.X-CUBE-NFC4.3.0.0
2025-07-27 16:22:26,331 [WARN] PackLoader:240 - Cannot read IP mode file for EmbeddedOffice.I-CUBE-FS-RTOS.1.0.1
2025-07-27 16:22:26,338 [WARN] PackLoader:240 - Cannot read IP mode file for STMicroelectronics.X-CUBE-WB05N.2.0.0
2025-07-27 16:22:26,342 [WARN] PackLoader:240 - Cannot read IP mode file for wolfSSL.I-CUBE-wolfTPM.3.8.0
2025-07-27 16:22:26,345 [WARN] PackLoader:240 - Cannot read IP mode file for STMicroelectronics.X-CUBE-TCPP.4.2.0
2025-07-27 16:22:26,350 [WARN] PackLoader:240 - Cannot read IP mode file for RealThread.X-CUBE-RT-Thread_Nano.4.1.1
2025-07-27 16:22:26,353 [WARN] PackLoader:240 - Cannot read IP mode file for STMicroelectronics.FP-ATR-SIGFOX1.3.2.0
2025-07-27 16:22:26,356 [WARN] PackLoader:240 - Cannot read IP mode file for STMicroelectronics.X-CUBE-EEPRMA1.5.1.0
2025-07-27 16:22:26,362 [WARN] PackLoader:240 - Cannot read IP mode file for wolfSSL.I-CUBE-wolfSSL.5.7.6
2025-07-27 16:22:26,367 [WARN] PackLoader:240 - Cannot read IP mode file for ITTIA_DB.I-CUBE-ITTIADB.8.9.0
2025-07-27 16:22:26,371 [WARN] PackLoader:240 - Cannot read IP mode file for STMicroelectronics.X-CUBE-ST67W61.1.0.0
2025-07-27 16:22:26,390 [WARN] PackLoader:240 - Cannot read IP mode file for SEGGER.I-CUBE-embOS.1.3.1
2025-07-27 16:22:26,416 [WARN] PackLoader:240 - Cannot read IP mode file for STMicroelectronics.X-CUBE-ALGOBUILD.1.4.0
2025-07-27 16:22:26,439 [WARN] PackLoader:240 - Cannot read IP mode file for STMicroelectronics.X-CUBE-MEMS1.11.3.0
2025-07-27 16:22:26,504 [WARN] PackLoader:240 - Cannot read IP mode file for STMicroelectronics.X-CUBE-PM33A1.1.0.0
2025-07-27 16:22:26,517 [WARN] PackLoader:240 - Cannot read IP mode file for STMicroelectronics.X-CUBE-AZRTOS-F4.1.1.0
2025-07-27 16:22:26,522 [WARN] PackLoader:240 - Cannot read IP mode file for Avnet-IotConnect.X-CUBE-IoTC-DA16k-PMOD.1.0.0
2025-07-27 16:22:26,525 [WARN] PackLoader:240 - Cannot read IP mode file for STMicroelectronics.X-CUBE-ISPU.2.1.0
2025-07-27 16:22:26,529 [WARN] PackLoader:240 - Cannot read IP mode file for STMicroelectronics.X-CUBE-NFC12.1.0.0
2025-07-27 16:22:26,539 [WARN] PackLoader:240 - Cannot read IP mode file for STMicroelectronics.X-CUBE-AZRTOS-L5.2.0.0
2025-07-27 16:22:26,547 [WARN] PackLoader:240 - Cannot read IP mode file for STMicroelectronics.X-CUBE-NFC6.3.1.0
2025-07-27 16:22:26,552 [WARN] PackLoader:240 - Cannot read IP mode file for STMicroelectronics.X-CUBE-FREERTOS.1.3.1
2025-07-27 16:22:26,555 [WARN] PackLoader:240 - Cannot read IP mode file for STMicroelectronics.X-CUBE-FREERTOS.1.3.0
2025-07-27 16:22:26,559 [WARN] PackLoader:240 - Cannot read IP mode file for STMicroelectronics.FP-SNS-STAIOTCFT.1.0.0
2025-07-27 16:22:26,562 [WARN] PackLoader:240 - Cannot read IP mode file for STMicroelectronics.X-CUBE-DPower.1.3.0
2025-07-27 16:22:26,572 [WARN] ConditionMgr:438 - getConditionDescription Invalid condition id : LAN8742 Phy interface Condition cause : null
2025-07-27 16:22:26,573 [WARN] PackLoader:240 - Cannot read IP mode file for STMicroelectronics.X-CUBE-AZRTOS-L4.2.0.0
2025-07-27 16:22:26,574 [WARN] ConditionMgr:1044 - genDependencies : Invalid condition id : LAN8742 Phy interface Condition cause : null
2025-07-27 16:22:26,574 [WARN] ConditionMgr:1044 - genDependencies : Invalid condition id : LAN8742 Phy interface Condition cause : null
2025-07-27 16:22:26,574 [WARN] ConditionMgr:1044 - genDependencies : Invalid condition id : LAN8742 Phy interface Condition cause : null
2025-07-27 16:22:26,580 [WARN] PackLoader:240 - Cannot read IP mode file for STMicroelectronics.X-CUBE-SFXS2LP1.4.0.0
2025-07-27 16:22:26,591 [WARN] PackLoader:240 - Cannot read IP mode file for STMicroelectronics.X-CUBE-AZRTOS-H7.3.3.0
2025-07-27 16:22:26,596 [WARN] PackLoader:240 - Cannot read IP mode file for STMicroelectronics.X-CUBE-BLEMGR.4.1.0
2025-07-27 16:22:26,606 [WARN] ConditionMgr:438 - getConditionDescription Invalid condition id : UX DEVICE CLASS RTOS Condition cause : null
2025-07-27 16:22:26,607 [WARN] ConditionMgr:438 - getConditionDescription Invalid condition id : UX DEVICE CLASS RTOS Condition cause : null
2025-07-27 16:22:26,608 [WARN] PackLoader:240 - Cannot read IP mode file for STMicroelectronics.X-CUBE-AZRTOS-WB.2.0.0
2025-07-27 16:22:26,608 [WARN] ConditionMgr:1044 - genDependencies : Invalid condition id : UX DEVICE CLASS RTOS Condition cause : null
2025-07-27 16:22:26,608 [WARN] ConditionMgr:1044 - genDependencies : Invalid condition id : UX DEVICE CLASS RTOS Condition cause : null
2025-07-27 16:22:26,608 [WARN] ConditionMgr:1044 - genDependencies : Invalid condition id : UX DEVICE CLASS RTOS Condition cause : null
2025-07-27 16:22:26,608 [WARN] ConditionMgr:1044 - genDependencies : Invalid condition id : UX DEVICE CLASS RTOS Condition cause : null
2025-07-27 16:22:26,608 [WARN] ConditionMgr:1044 - genDependencies : Invalid condition id : UX DEVICE CLASS RTOS Condition cause : null
2025-07-27 16:22:26,613 [WARN] PackLoader:240 - Cannot read IP mode file for STMicroelectronics.X-CUBE-GNSS1.7.0.1
2025-07-27 16:22:26,616 [WARN] PackLoader:240 - Cannot read IP mode file for STMicroelectronics.X-CUBE-TOUCHGFX.4.25.0
2025-07-27 16:22:26,620 [WARN] PackLoader:240 - Cannot read IP mode file for STMicroelectronics.FP-SNS-STBOX1.2.0.0
2025-07-27 16:22:26,628 [WARN] PackLoader:240 - Cannot read IP mode file for STMicroelectronics.X-CUBE-SUBG2.5.0.0
2025-07-27 16:22:26,649 [WARN] PackLoader:240 - Cannot read IP mode file for STMicroelectronics.X-CUBE-AZRTOS-H7RS.1.1.0
2025-07-27 16:22:26,657 [WARN] PackLoader:240 - Cannot read IP mode file for Cesanta.I-CUBE-Mongoose.7.13.0
2025-07-27 16:22:26,664 [WARN] PackLoader:240 - Cannot read IP mode file for STMicroelectronics.X-CUBE-AZRTOS-G4.2.0.0
2025-07-27 16:22:26,671 [WARN] PackLoader:240 - Cannot read IP mode file for wolfSSL.I-CUBE-wolfSSH.1.4.20
2025-07-27 16:22:26,681 [WARN] PackLoader:240 - Cannot read IP mode file for STMicroelectronics.X-CUBE-NFC7.2.0.0
2025-07-27 16:22:26,692 [WARN] PackLoader:240 - Cannot read IP mode file for STMicroelectronics.X-CUBE-IPS.3.1.0
2025-07-27 16:22:26,701 [WARN] PackLoader:240 - Cannot read IP mode file for STMicroelectronics.X-CUBE-ALS.1.0.2
2025-07-27 16:22:26,705 [WARN] PackLoader:240 - Cannot read IP mode file for portGmbH.I-Cube-SoM-uGOAL.1.1.0
2025-07-27 16:22:26,711 [WARN] PackLoader:240 - Cannot read IP mode file for STMicroelectronics.X-CUBE-TOF1.3.4.3
2025-07-27 16:22:26,717 [INFO] ThirdParty:978 - Integrity check success = true
2025-07-27 16:22:26,718 [INFO] IntegrityCheckThread:100 - exiting critical section [integrity check]
2025-07-27 16:22:26,718 [INFO] IntegrityCheckThread:103 - End integrity checks thread
2025-07-27 16:27:17,188 [ERROR] LogOutputStream:75 - [STDERR_REDIRECT] 
